The plugin "vite-tsconfig-paths" is detected. Vite now supports tsconfig paths resolution natively via the resolve.tsconfigPaths option. You can remove the plugin and set resolve.tsconfigPaths: true in your Vite config instead.
{"numTotalTestSuites":14,"numPassedTestSuites":14,"numFailedTestSuites":0,"numPendingTestSuites":0,"numTotalTests":39,"numPassedTests":39,"numFailedTests":0,"numPendingTests":0,"numTodoTests":0,"snapshot":{"added":0,"failure":false,"filesAdded":0,"filesRemoved":0,"filesRemovedList":[],"filesUnmatched":0,"filesUpdated":0,"matched":0,"total":0,"unchecked":0,"uncheckedKeysByFile":[],"unmatched":0,"updated":0,"didUpdate":false},"startTime":1775332813127,"success":true,"testResults":[{"assertionResults":[{"ancestorTitles":["api service"],"fullName":"api service should pass through success response","status":"passed","title":"should pass through success response","duration":2.8504449999998087,"failureMessages":[],"meta":{},"tags":[]},{"ancestorTitles":["api service"],"fullName":"api service should handle error and show toast","status":"passed","title":"should handle error and show toast","duration":3.895766999999978,"failureMessages":[],"meta":{},"tags":[]}],"startTime":1775332814473,"endTime":1775332814479.8958,"status":"passed","message":"","name":"/home/michelkuguio/Documentos/troca-aula-front/src/api.service.test.tsx"},{"assertionResults":[{"ancestorTitles":["Middleware"],"fullName":"Middleware allows public paths","status":"passed","title":"allows public paths","duration":2.960687000000007,"failureMessages":[],"meta":{},"tags":[]},{"ancestorTitles":["Middleware"],"fullName":"Middleware allows /cadastro","status":"passed","title":"allows /cadastro","duration":0.3607409999999618,"failureMessages":[],"meta":{},"tags":[]},{"ancestorTitles":["Middleware"],"fullName":"Middleware redirects to / if token is missing on private path","status":"passed","title":"redirects to / if token is missing on private path","duration":3.757466999999906,"failureMessages":[],"meta":{},"tags":[]},{"ancestorTitles":["Middleware"],"fullName":"Middleware allows access if token is present","status":"passed","title":"allows access if token is present","duration":0.6444420000000264,"failureMessages":[],"meta":{},"tags":[]},{"ancestorTitles":["Middleware"],"fullName":"Middleware handles empty cookie header","status":"passed","title":"handles empty cookie header","duration":0.3090469999999641,"failureMessages":[],"meta":{},"tags":[]}],"startTime":1775332814438,"endTime":1775332814446.309,"status":"passed","message":"","name":"/home/michelkuguio/Documentos/troca-aula-front/src/middleware.test.ts"},{"assertionResults":[{"ancestorTitles":["Login Page (Home)"],"fullName":"Login Page (Home) renders login form","status":"passed","title":"renders login form","duration":146.3912469999998,"failureMessages":[],"meta":{},"tags":[]},{"ancestorTitles":["Login Page (Home)"],"fullName":"Login Page (Home) shows validation errors","status":"passed","title":"shows validation errors","duration":37.4929239999999,"failureMessages":[],"meta":{},"tags":[]},{"ancestorTitles":["Login Page (Home)"],"fullName":"Login Page (Home) successful login","status":"passed","title":"successful login","duration":15.043132000000014,"failureMessages":[],"meta":{},"tags":[]},{"ancestorTitles":["Login Page (Home)"],"fullName":"Login Page (Home) failed login response","status":"passed","title":"failed login response","duration":14.77406700000006,"failureMessages":[],"meta":{},"tags":[]},{"ancestorTitles":["Login Page (Home)"],"fullName":"Login Page (Home) login fetch throws error","status":"passed","title":"login fetch throws error","duration":10.91621299999997,"failureMessages":[],"meta":{},"tags":[]}],"startTime":1775332814588,"endTime":1775332814812.9163,"status":"passed","message":"","name":"/home/michelkuguio/Documentos/troca-aula-front/src/app/page.test.tsx"},{"assertionResults":[{"ancestorTitles":["useUserHook"],"fullName":"useUserHook fetches user data on mount successfully","status":"passed","title":"fetches user data on mount successfully","duration":71.11967400000003,"failureMessages":[],"meta":{},"tags":[]},{"ancestorTitles":["useUserHook"],"fullName":"useUserHook sets user to null if fetch fails","status":"passed","title":"sets user to null if fetch fails","duration":53.51059199999986,"failureMessages":[],"meta":{},"tags":[]},{"ancestorTitles":["useUserHook"],"fullName":"useUserHook sets user to null if fetch throws error","status":"passed","title":"sets user to null if fetch throws error","duration":53.9994650000001,"failureMessages":[],"meta":{},"tags":[]},{"ancestorTitles":["useUserHook"],"fullName":"useUserHook logs out successfully","status":"passed","title":"logs out successfully","duration":55.790322999999944,"failureMessages":[],"meta":{},"tags":[]},{"ancestorTitles":["useUserHook"],"fullName":"useUserHook handles logout error","status":"passed","title":"handles logout error","duration":57.355819999999994,"failureMessages":[],"meta":{},"tags":[]},{"ancestorTitles":["useUserHook"],"fullName":"useUserHook can refresh user data","status":"passed","title":"can refresh user data","duration":53.91823099999988,"failureMessages":[],"meta":{},"tags":[]}],"startTime":1775332814503,"endTime":1775332814848.9182,"status":"passed","message":"","name":"/home/michelkuguio/Documentos/troca-aula-front/src/user/useUserHook.test.tsx"},{"assertionResults":[{"ancestorTitles":["Cadastro Page"],"fullName":"Cadastro Page renders cadastro form","status":"passed","title":"renders cadastro form","duration":162.533451,"failureMessages":[],"meta":{},"tags":[]},{"ancestorTitles":["Cadastro Page"],"fullName":"Cadastro Page shows validation errors","status":"passed","title":"shows validation errors","duration":46.3472240000001,"failureMessages":[],"meta":{},"tags":[]},{"ancestorTitles":["Cadastro Page"],"fullName":"Cadastro Page shows error when passwords do not match","status":"passed","title":"shows error when passwords do not match","duration":18.261796999999888,"failureMessages":[],"meta":{},"tags":[]},{"ancestorTitles":["Cadastro Page"],"fullName":"Cadastro Page successful registration","status":"passed","title":"successful registration","duration":18.661965999999893,"failureMessages":[],"meta":{},"tags":[]},{"ancestorTitles":["Cadastro Page"],"fullName":"Cadastro Page handles registration error","status":"passed","title":"handles registration error","duration":14.055905000000166,"failureMessages":[],"meta":{},"tags":[]}],"startTime":1775332814592,"endTime":1775332814852.056,"status":"passed","message":"","name":"/home/michelkuguio/Documentos/troca-aula-front/src/app/cadastro/page.test.tsx"},{"assertionResults":[{"ancestorTitles":["Logo Component"],"fullName":"Logo Component renders without crashing","status":"passed","title":"renders without crashing","duration":80.10107599999992,"failureMessages":[],"meta":{},"tags":[]},{"ancestorTitles":["Logo Component"],"fullName":"Logo Component applies size scale","status":"passed","title":"applies size scale","duration":99.86224900000002,"failureMessages":[],"meta":{},"tags":[]},{"ancestorTitles":["Logo Component"],"fullName":"Logo Component uses default size when not provided","status":"passed","title":"uses default size when not provided","duration":17.11943599999995,"failureMessages":[],"meta":{},"tags":[]}],"startTime":1775332814537,"endTime":1775332814734.1194,"status":"passed","message":"","name":"/home/michelkuguio/Documentos/troca-aula-front/src/app/components/Logo.test.tsx"},{"assertionResults":[{"ancestorTitles":["Dashboard Page"],"fullName":"Dashboard Page renders and loads data","status":"passed","title":"renders and loads data","duration":198.40863200000013,"failureMessages":[],"meta":{},"tags":[]},{"ancestorTitles":["Dashboard Page"],"fullName":"Dashboard Page filters classes based on tabs","status":"passed","title":"filters classes based on tabs","duration":163.34863600000017,"failureMessages":[],"meta":{},"tags":[]},{"ancestorTitles":["Dashboard Page"],"fullName":"Dashboard Page handles search","status":"passed","title":"handles search","duration":63.95676000000003,"failureMessages":[],"meta":{},"tags":[]},{"ancestorTitles":["Dashboard Page"],"fullName":"Dashboard Page submits a new class","status":"passed","title":"submits a new class","duration":81.21735999999964,"failureMessages":[],"meta":{},"tags":[]},{"ancestorTitles":["Dashboard Page"],"fullName":"Dashboard Page handles submit error","status":"passed","title":"handles submit error","duration":70.50689300000022,"failureMessages":[],"meta":{},"tags":[]},{"ancestorTitles":["Dashboard Page"],"fullName":"Dashboard Page deletes a class","status":"passed","title":"deletes a class","duration":97.95346999999992,"failureMessages":[],"meta":{},"tags":[]},{"ancestorTitles":["Dashboard Page"],"fullName":"Dashboard Page handles delete error","status":"passed","title":"handles delete error","duration":97.50035700000035,"failureMessages":[],"meta":{},"tags":[]},{"ancestorTitles":["Dashboard Page"],"fullName":"Dashboard Page approves a class","status":"passed","title":"approves a class","duration":70.69649800000025,"failureMessages":[],"meta":{},"tags":[]},{"ancestorTitles":["Dashboard Page"],"fullName":"Dashboard Page handles approve error","status":"passed","title":"handles approve error","duration":70.00269400000025,"failureMessages":[],"meta":{},"tags":[]},{"ancestorTitles":["Dashboard Page"],"fullName":"Dashboard Page calls logout when button clicked","status":"passed","title":"calls logout when button clicked","duration":10.345330999999987,"failureMessages":[],"meta":{},"tags":[]},{"ancestorTitles":["Dashboard Page"],"fullName":"Dashboard Page refreshes user data if no user","status":"passed","title":"refreshes user data if no user","duration":7.705210999999963,"failureMessages":[],"meta":{},"tags":[]},{"ancestorTitles":["Dashboard Page"],"fullName":"Dashboard Page allows teacher to accept a class","status":"passed","title":"allows teacher to accept a class","duration":92.89632099999972,"failureMessages":[],"meta":{},"tags":[]},{"ancestorTitles":["Dashboard Page"],"fullName":"Dashboard Page handles accept error for teacher","status":"passed","title":"handles accept error for teacher","duration":93.73007899999993,"failureMessages":[],"meta":{},"tags":[]}],"startTime":1775332815321,"endTime":1775332816439.73,"status":"passed","message":"","name":"/home/michelkuguio/Documentos/troca-aula-front/src/app/dashboard/page.test.tsx"}],"coverageMap":{"/home/michelkuguio/Documentos/troca-aula-front/src/app/components/Logo.tsx":{"path":"/home/michelkuguio/Documentos/troca-aula-front/src/app/components/Logo.tsx","statementMap":{"0":{"start":{"line":1,"column":0},"end":{"line":1,"column":null}},"1":{"start":{"line":8,"column":13},"end":{"line":27,"column":null}},"2":{"start":{"line":27,"column":18},"end":{"line":27,"column":null}},"3":{"start":{"line":46,"column":18},"end":{"line":46,"column":null}},"4":{"start":{"line":68,"column":25},"end":{"line":71,"column":null}},"5":{"start":{"line":70,"column":15},"end":{"line":71,"column":null}},"6":{"start":{"line":77,"column":4},"end":{"line":86,"column":null}}},"fnMap":{"0":{"name":"(anonymous_0)","decl":{"start":{"line":27,"column":7},"end":{"line":27,"column":8}},"loc":{"start":{"line":27,"column":18},"end":{"line":27,"column":null}},"line":27},"1":{"name":"(anonymous_1)","decl":{"start":{"line":70,"column":6},"end":{"line":70,"column":15}},"loc":{"start":{"line":70,"column":15},"end":{"line":71,"column":null}},"line":70},"2":{"name":"Logo","decl":{"start":{"line":76,"column":24},"end":{"line":76,"column":29}},"loc":{"start":{"line":76,"column":43},"end":{"line":86,"column":null}},"line":76}},"branchMap":{"0":{"loc":{"start":{"line":27,"column":18},"end":{"line":27,"column":null}},"type":"binary-expr","locations":[{"start":{"line":27,"column":18},"end":{"line":27,"column":38}},{"start":{"line":27,"column":38},"end":{"line":27,"column":null}}],"line":27},"1":{"loc":{"start":{"line":70,"column":15},"end":{"line":71,"column":null}},"type":"binary-expr","locations":[{"start":{"line":70,"column":15},"end":{"line":70,"column":33}},{"start":{"line":70,"column":33},"end":{"line":70,"column":55}},{"start":{"line":70,"column":55},"end":{"line":71,"column":null}}],"line":70},"2":{"loc":{"start":{"line":76,"column":30},"end":{"line":76,"column":43}},"type":"default-arg","locations":[{"start":{"line":76,"column":37},"end":{"line":76,"column":43}}],"line":76}},"s":{"0":4,"1":4,"2":150,"3":4,"4":4,"5":75,"6":75},"f":{"0":150,"1":75,"2":75},"b":{"0":[150,75],"1":[75,75,75],"2":[75]},"meta":{"lastBranch":3,"lastFunction":3,"lastStatement":7,"seen":{"s:1:0:1:Infinity":0,"s:8:13:27:Infinity":1,"f:27:7:27:8":0,"s:27:18:27:Infinity":2,"b:27:18:27:38:27:38:27:Infinity":0,"s:46:18:46:Infinity":3,"s:68:25:71:Infinity":4,"f:70:6:70:15":1,"s:70:15:71:Infinity":5,"b:70:15:70:33:70:33:70:55:70:55:71:Infinity":1,"f:76:24:76:29":2,"b:76:37:76:43":2,"s:77:4:86:Infinity":6}}},"/home/michelkuguio/Documentos/troca-aula-front/src/app/cadastro/page.tsx":{"path":"/home/michelkuguio/Documentos/troca-aula-front/src/app/cadastro/page.tsx","statementMap":{"0":{"start":{"line":1,"column":0},"end":{"line":1,"column":null}},"1":{"start":{"line":13,"column":16},"end":{"line":13,"column":null}},"2":{"start":{"line":22,"column":16},"end":{"line":22,"column":null}},"3":{"start":{"line":105,"column":13},"end":{"line":114,"column":null}},"4":{"start":{"line":122,"column":25},"end":{"line":130,"column":2}},"5":{"start":{"line":133,"column":35},"end":{"line":135,"column":6}},"6":{"start":{"line":137,"column":20},"end":{"line":156,"column":null}},"7":{"start":{"line":139,"column":24},"end":{"line":146,"column":null}},"8":{"start":{"line":147,"column":8},"end":{"line":152,"column":null}},"9":{"start":{"line":148,"column":12},"end":{"line":148,"column":null}},"10":{"start":{"line":149,"column":12},"end":{"line":149,"column":null}},"11":{"start":{"line":150,"column":12},"end":{"line":150,"column":null}},"12":{"start":{"line":152,"column":12},"end":{"line":152,"column":null}},"13":{"start":{"line":158,"column":4},"end":{"line":211,"column":null}}},"fnMap":{"0":{"name":"Home","decl":{"start":{"line":132,"column":24},"end":{"line":132,"column":31}},"loc":{"start":{"line":132,"column":31},"end":{"line":211,"column":null}},"line":132},"1":{"name":"(anonymous_1)","decl":{"start":{"line":137,"column":33},"end":{"line":137,"column":40}},"loc":{"start":{"line":137,"column":49},"end":{"line":156,"column":null}},"line":137}},"branchMap":{"0":{"loc":{"start":{"line":189,"column":25},"end":{"line":190,"column":null}},"type":"binary-expr","locations":[{"start":{"line":189,"column":25},"end":{"line":189,"column":52}},{"start":{"line":189,"column":52},"end":{"line":190,"column":null}}],"line":189},"1":{"loc":{"start":{"line":193,"column":25},"end":{"line":194,"column":null}},"type":"binary-expr","locations":[{"start":{"line":193,"column":25},"end":{"line":193,"column":53}},{"start":{"line":193,"column":53},"end":{"line":194,"column":null}}],"line":193},"2":{"loc":{"start":{"line":197,"column":25},"end":{"line":198,"column":null}},"type":"binary-expr","locations":[{"start":{"line":197,"column":25},"end":{"line":197,"column":53}},{"start":{"line":197,"column":53},"end":{"line":198,"column":null}}],"line":197},"3":{"loc":{"start":{"line":201,"column":25},"end":{"line":202,"column":null}},"type":"binary-expr","locations":[{"start":{"line":201,"column":25},"end":{"line":201,"column":56}},{"start":{"line":201,"column":56},"end":{"line":202,"column":null}}],"line":201},"4":{"loc":{"start":{"line":205,"column":25},"end":{"line":206,"column":null}},"type":"binary-expr","locations":[{"start":{"line":205,"column":25},"end":{"line":205,"column":60}},{"start":{"line":205,"column":60},"end":{"line":206,"column":null}}],"line":205}},"s":{"0":1,"1":1,"2":1,"3":1,"4":1,"5":14,"6":14,"7":2,"8":2,"9":2,"10":1,"11":1,"12":1,"13":14},"f":{"0":14,"1":2},"b":{"0":[14,2],"1":[14,2],"2":[14,2],"3":[14,1],"4":[14,1]},"meta":{"lastBranch":5,"lastFunction":2,"lastStatement":14,"seen":{"s:1:0:1:Infinity":0,"s:13:16:13:Infinity":1,"s:22:16:22:Infinity":2,"s:105:13:114:Infinity":3,"s:122:25:130:2":4,"f:132:24:132:31":0,"s:133:35:135:6":5,"s:137:20:156:Infinity":6,"f:137:33:137:40":1,"s:139:24:146:Infinity":7,"s:147:8:152:Infinity":8,"s:148:12:148:Infinity":9,"s:149:12:149:Infinity":10,"s:150:12:150:Infinity":11,"s:152:12:152:Infinity":12,"s:158:4:211:Infinity":13,"b:189:25:189:52:189:52:190:Infinity":0,"b:193:25:193:53:193:53:194:Infinity":1,"b:197:25:197:53:197:53:198:Infinity":2,"b:201:25:201:56:201:56:202:Infinity":3,"b:205:25:205:60:205:60:206:Infinity":4}}},"/home/michelkuguio/Documentos/troca-aula-front/src/middleware.ts":{"path":"/home/michelkuguio/Documentos/troca-aula-front/src/middleware.ts","statementMap":{"0":{"start":{"line":5,"column":25},"end":{"line":5,"column":null}},"1":{"start":{"line":7,"column":24},"end":{"line":7,"column":null}},"2":{"start":{"line":9,"column":4},"end":{"line":10,"column":null}},"3":{"start":{"line":10,"column":8},"end":{"line":10,"column":null}},"4":{"start":{"line":13,"column":19},"end":{"line":13,"column":null}},"5":{"start":{"line":14,"column":12},"end":{"line":14,"column":35}},"6":{"start":{"line":16,"column":4},"end":{"line":17,"column":null}},"7":{"start":{"line":17,"column":8},"end":{"line":17,"column":null}},"8":{"start":{"line":20,"column":4},"end":{"line":20,"column":null}},"9":{"start":{"line":23,"column":22},"end":{"line":26,"column":null}}},"fnMap":{"0":{"name":"middleware","decl":{"start":{"line":4,"column":16},"end":{"line":4,"column":27}},"loc":{"start":{"line":4,"column":45},"end":{"line":20,"column":null}},"line":4}},"branchMap":{"0":{"loc":{"start":{"line":9,"column":4},"end":{"line":10,"column":null}},"type":"if","locations":[{"start":{"line":9,"column":4},"end":{"line":10,"column":null}},{"start":{},"end":{}}],"line":9},"1":{"loc":{"start":{"line":13,"column":19},"end":{"line":13,"column":null}},"type":"binary-expr","locations":[{"start":{"line":13,"column":19},"end":{"line":13,"column":44}},{"start":{"line":13,"column":48},"end":{"line":13,"column":null}}],"line":13},"2":{"loc":{"start":{"line":16,"column":4},"end":{"line":17,"column":null}},"type":"if","locations":[{"start":{"line":16,"column":4},"end":{"line":17,"column":null}},{"start":{},"end":{}}],"line":16}},"s":{"0":5,"1":5,"2":5,"3":2,"4":3,"5":5,"6":5,"7":2,"8":1,"9":1},"f":{"0":5},"b":{"0":[2,3],"1":[3,2],"2":[2,3]},"meta":{"lastBranch":3,"lastFunction":1,"lastStatement":10,"seen":{"f:4:16:4:27":0,"s:5:25:5:Infinity":0,"s:7:24:7:Infinity":1,"b:9:4:10:Infinity:undefined:undefined:undefined:undefined":0,"s:9:4:10:Infinity":2,"s:10:8:10:Infinity":3,"s:13:19:13:Infinity":4,"b:13:19:13:44:13:48:13:Infinity":1,"s:14:12:14:35":5,"b:16:4:17:Infinity:undefined:undefined:undefined:undefined":2,"s:16:4:17:Infinity":6,"s:17:8:17:Infinity":7,"s:20:4:20:Infinity":8,"s:23:22:26:Infinity":9}}},"/home/michelkuguio/Documentos/troca-aula-front/src/user/useUserHook.tsx":{"path":"/home/michelkuguio/Documentos/troca-aula-front/src/user/useUserHook.tsx","statementMap":{"0":{"start":{"line":1,"column":0},"end":{"line":1,"column":null}},"1":{"start":{"line":8,"column":21},"end":{"line":8,"column":67}},"2":{"start":{"line":9,"column":22},"end":{"line":9,"column":52}},"3":{"start":{"line":10,"column":10},"end":{"line":10,"column":30}},"4":{"start":{"line":13,"column":26},"end":{"line":29,"column":null}},"5":{"start":{"line":14,"column":8},"end":{"line":29,"column":null}},"6":{"start":{"line":15,"column":12},"end":{"line":15,"column":null}},"7":{"start":{"line":16,"column":29},"end":{"line":18,"column":14}},"8":{"start":{"line":19,"column":12},"end":{"line":23,"column":null}},"9":{"start":{"line":20,"column":29},"end":{"line":20,"column":50}},"10":{"start":{"line":21,"column":16},"end":{"line":21,"column":null}},"11":{"start":{"line":23,"column":16},"end":{"line":23,"column":null}},"12":{"start":{"line":26,"column":12},"end":{"line":26,"column":null}},"13":{"start":{"line":27,"column":12},"end":{"line":27,"column":null}},"14":{"start":{"line":29,"column":12},"end":{"line":29,"column":null}},"15":{"start":{"line":33,"column":4},"end":{"line":35,"column":null}},"16":{"start":{"line":34,"column":8},"end":{"line":34,"column":null}},"17":{"start":{"line":37,"column":19},"end":{"line":47,"column":null}},"18":{"start":{"line":38,"column":8},"end":{"line":47,"column":null}},"19":{"start":{"line":39,"column":12},"end":{"line":42,"column":null}},"20":{"start":{"line":43,"column":12},"end":{"line":43,"column":null}},"21":{"start":{"line":44,"column":12},"end":{"line":44,"column":null}},"22":{"start":{"line":47,"column":12},"end":{"line":47,"column":null}},"23":{"start":{"line":51,"column":4},"end":{"line":56,"column":null}}},"fnMap":{"0":{"name":"useUserHook","decl":{"start":{"line":7,"column":16},"end":{"line":7,"column":30}},"loc":{"start":{"line":7,"column":30},"end":{"line":56,"column":null}},"line":7},"1":{"name":"(anonymous_1)","decl":{"start":{"line":13,"column":26},"end":{"line":13,"column":38}},"loc":{"start":{"line":13,"column":38},"end":{"line":29,"column":null}},"line":13},"2":{"name":"(anonymous_2)","decl":{"start":{"line":33,"column":4},"end":{"line":33,"column":20}},"loc":{"start":{"line":33,"column":20},"end":{"line":35,"column":9}},"line":33},"3":{"name":"(anonymous_3)","decl":{"start":{"line":37,"column":19},"end":{"line":37,"column":31}},"loc":{"start":{"line":37,"column":31},"end":{"line":47,"column":null}},"line":37}},"branchMap":{"0":{"loc":{"start":{"line":19,"column":12},"end":{"line":23,"column":null}},"type":"if","locations":[{"start":{"line":19,"column":12},"end":{"line":23,"column":null}},{"start":{"line":22,"column":19},"end":{"line":23,"column":null}}],"line":19}},"s":{"0":1,"1":14,"2":14,"3":14,"4":14,"5":7,"6":7,"7":7,"8":6,"9":5,"10":5,"11":1,"12":1,"13":1,"14":7,"15":14,"16":6,"17":14,"18":2,"19":2,"20":1,"21":1,"22":1,"23":14},"f":{"0":14,"1":7,"2":6,"3":2},"b":{"0":[5,1]},"meta":{"lastBranch":1,"lastFunction":4,"lastStatement":24,"seen":{"s:1:0:1:Infinity":0,"f:7:16:7:30":0,"s:8:21:8:67":1,"s:9:22:9:52":2,"s:10:10:10:30":3,"s:13:26:29:Infinity":4,"f:13:26:13:38":1,"s:14:8:29:Infinity":5,"s:15:12:15:Infinity":6,"s:16:29:18:14":7,"b:19:12:23:Infinity:22:19:23:Infinity":0,"s:19:12:23:Infinity":8,"s:20:29:20:50":9,"s:21:16:21:Infinity":10,"s:23:16:23:Infinity":11,"s:26:12:26:Infinity":12,"s:27:12:27:Infinity":13,"s:29:12:29:Infinity":14,"s:33:4:35:Infinity":15,"f:33:4:33:20":2,"s:34:8:34:Infinity":16,"s:37:19:47:Infinity":17,"f:37:19:37:31":3,"s:38:8:47:Infinity":18,"s:39:12:42:Infinity":19,"s:43:12:43:Infinity":20,"s:44:12:44:Infinity":21,"s:47:12:47:Infinity":22,"s:51:4:56:Infinity":23}}},"/home/michelkuguio/Documentos/troca-aula-front/src/app/page.tsx":{"path":"/home/michelkuguio/Documentos/troca-aula-front/src/app/page.tsx","statementMap":{"0":{"start":{"line":1,"column":0},"end":{"line":1,"column":null}},"1":{"start":{"line":12,"column":16},"end":{"line":12,"column":null}},"2":{"start":{"line":21,"column":16},"end":{"line":21,"column":null}},"3":{"start":{"line":105,"column":13},"end":{"line":114,"column":null}},"4":{"start":{"line":122,"column":25},"end":{"line":125,"column":2}},"5":{"start":{"line":127,"column":10},"end":{"line":127,"column":30}},"6":{"start":{"line":128,"column":35},"end":{"line":130,"column":6}},"7":{"start":{"line":133,"column":24},"end":{"line":156,"column":null}},"8":{"start":{"line":134,"column":28},"end":{"line":137,"column":null}},"9":{"start":{"line":139,"column":12},"end":{"line":154,"column":null}},"10":{"start":{"line":141,"column":33},"end":{"line":146,"column":18}},"11":{"start":{"line":147,"column":16},"end":{"line":151,"column":null}},"12":{"start":{"line":148,"column":20},"end":{"line":148,"column":null}},"13":{"start":{"line":149,"column":20},"end":{"line":149,"column":null}},"14":{"start":{"line":151,"column":20},"end":{"line":151,"column":null}},"15":{"start":{"line":154,"column":16},"end":{"line":154,"column":null}},"16":{"start":{"line":160,"column":4},"end":{"line":202,"column":null}}},"fnMap":{"0":{"name":"Home","decl":{"start":{"line":126,"column":24},"end":{"line":126,"column":31}},"loc":{"start":{"line":126,"column":31},"end":{"line":202,"column":null}},"line":126},"1":{"name":"(anonymous_1)","decl":{"start":{"line":133,"column":37},"end":{"line":133,"column":44}},"loc":{"start":{"line":133,"column":53},"end":{"line":156,"column":null}},"line":133}},"branchMap":{"0":{"loc":{"start":{"line":147,"column":16},"end":{"line":151,"column":null}},"type":"if","locations":[{"start":{"line":147,"column":16},"end":{"line":151,"column":null}},{"start":{"line":150,"column":23},"end":{"line":151,"column":null}}],"line":147},"1":{"loc":{"start":{"line":191,"column":25},"end":{"line":192,"column":null}},"type":"binary-expr","locations":[{"start":{"line":191,"column":25},"end":{"line":191,"column":53}},{"start":{"line":191,"column":53},"end":{"line":192,"column":null}}],"line":191},"2":{"loc":{"start":{"line":195,"column":25},"end":{"line":196,"column":null}},"type":"binary-expr","locations":[{"start":{"line":195,"column":25},"end":{"line":195,"column":56}},{"start":{"line":195,"column":56},"end":{"line":196,"column":null}}],"line":195}},"s":{"0":1,"1":1,"2":1,"3":1,"4":1,"5":14,"6":14,"7":14,"8":3,"9":3,"10":3,"11":2,"12":1,"13":1,"14":1,"15":1,"16":14},"f":{"0":14,"1":3},"b":{"0":[1,1],"1":[14,1],"2":[14,1]},"meta":{"lastBranch":3,"lastFunction":2,"lastStatement":17,"seen":{"s:1:0:1:Infinity":0,"s:12:16:12:Infinity":1,"s:21:16:21:Infinity":2,"s:105:13:114:Infinity":3,"s:122:25:125:2":4,"f:126:24:126:31":0,"s:127:10:127:30":5,"s:128:35:130:6":6,"s:133:24:156:Infinity":7,"f:133:37:133:44":1,"s:134:28:137:Infinity":8,"s:139:12:154:Infinity":9,"s:141:33:146:18":10,"b:147:16:151:Infinity:150:23:151:Infinity":0,"s:147:16:151:Infinity":11,"s:148:20:148:Infinity":12,"s:149:20:149:Infinity":13,"s:151:20:151:Infinity":14,"s:154:16:154:Infinity":15,"s:160:4:202:Infinity":16,"b:191:25:191:53:191:53:192:Infinity":1,"b:195:25:195:56:195:56:196:Infinity":2}}},"/home/michelkuguio/Documentos/troca-aula-front/src/app/dashboard/page.tsx":{"path":"/home/michelkuguio/Documentos/troca-aula-front/src/app/dashboard/page.tsx","statementMap":{"0":{"start":{"line":1,"column":0},"end":{"line":1,"column":null}},"1":{"start":{"line":14,"column":16},"end":{"line":14,"column":null}},"2":{"start":{"line":22,"column":18},"end":{"line":22,"column":null}},"3":{"start":{"line":29,"column":16},"end":{"line":29,"column":null}},"4":{"start":{"line":91,"column":13},"end":{"line":91,"column":null}},"5":{"start":{"line":102,"column":20},"end":{"line":102,"column":null}},"6":{"start":{"line":123,"column":15},"end":{"line":123,"column":null}},"7":{"start":{"line":148,"column":15},"end":{"line":148,"column":null}},"8":{"start":{"line":176,"column":13},"end":{"line":176,"column":null}},"9":{"start":{"line":214,"column":18},"end":{"line":214,"column":null}},"10":{"start":{"line":242,"column":16},"end":{"line":242,"column":null}},"11":{"start":{"line":249,"column":25},"end":{"line":253,"column":2}},"12":{"start":{"line":256,"column":20},"end":{"line":256,"column":46}},"13":{"start":{"line":257,"column":19},"end":{"line":257,"column":47}},"14":{"start":{"line":258,"column":21},"end":{"line":258,"column":55}},"15":{"start":{"line":259,"column":22},"end":{"line":259,"column":50}},"16":{"start":{"line":260,"column":19},"end":{"line":260,"column":43}},"17":{"start":{"line":261,"column":16},"end":{"line":261,"column":49}},"18":{"start":{"line":263,"column":35},"end":{"line":265,"column":6}},"19":{"start":{"line":267,"column":25},"end":{"line":267,"column":57}},"20":{"start":{"line":269,"column":10},"end":{"line":278,"column":14}},"21":{"start":{"line":270,"column":8},"end":{"line":277,"column":null}},"22":{"start":{"line":276,"column":12},"end":{"line":276,"column":null}},"23":{"start":{"line":280,"column":19},"end":{"line":299,"column":null}},"24":{"start":{"line":281,"column":12},"end":{"line":281,"column":null}},"25":{"start":{"line":282,"column":51},"end":{"line":282,"column":null}},"26":{"start":{"line":283,"column":28},"end":{"line":290,"column":null}},"27":{"start":{"line":291,"column":12},"end":{"line":296,"column":null}},"28":{"start":{"line":292,"column":16},"end":{"line":292,"column":null}},"29":{"start":{"line":293,"column":16},"end":{"line":293,"column":null}},"30":{"start":{"line":294,"column":16},"end":{"line":294,"column":null}},"31":{"start":{"line":296,"column":16},"end":{"line":296,"column":null}},"32":{"start":{"line":301,"column":10},"end":{"line":310,"column":null}},"33":{"start":{"line":301,"column":30},"end":{"line":310,"column":null}},"34":{"start":{"line":302,"column":24},"end":{"line":303,"column":null}},"35":{"start":{"line":305,"column":8},"end":{"line":310,"column":null}},"36":{"start":{"line":306,"column":12},"end":{"line":306,"column":null}},"37":{"start":{"line":307,"column":12},"end":{"line":307,"column":null}},"38":{"start":{"line":308,"column":12},"end":{"line":308,"column":null}},"39":{"start":{"line":310,"column":12},"end":{"line":310,"column":null}},"40":{"start":{"line":314,"column":10},"end":{"line":324,"column":null}},"41":{"start":{"line":314,"column":30},"end":{"line":324,"column":null}},"42":{"start":{"line":315,"column":24},"end":{"line":316,"column":null}},"43":{"start":{"line":318,"column":8},"end":{"line":324,"column":null}},"44":{"start":{"line":319,"column":12},"end":{"line":319,"column":null}},"45":{"start":{"line":320,"column":12},"end":{"line":320,"column":null}},"46":{"start":{"line":321,"column":12},"end":{"line":321,"column":null}},"47":{"start":{"line":323,"column":12},"end":{"line":323,"column":null}},"48":{"start":{"line":324,"column":12},"end":{"line":324,"column":null}},"49":{"start":{"line":328,"column":10},"end":{"line":334,"column":null}},"50":{"start":{"line":328,"column":36},"end":{"line":334,"column":null}},"51":{"start":{"line":329,"column":8},"end":{"line":334,"column":null}},"52":{"start":{"line":330,"column":12},"end":{"line":330,"column":null}},"53":{"start":{"line":331,"column":12},"end":{"line":331,"column":null}},"54":{"start":{"line":332,"column":12},"end":{"line":332,"column":null}},"55":{"start":{"line":334,"column":12},"end":{"line":334,"column":null}},"56":{"start":{"line":338,"column":4},"end":{"line":340,"column":null}},"57":{"start":{"line":339,"column":8},"end":{"line":339,"column":null}},"58":{"start":{"line":339,"column":19},"end":{"line":339,"column":null}},"59":{"start":{"line":342,"column":4},"end":{"line":344,"column":null}},"60":{"start":{"line":343,"column":8},"end":{"line":343,"column":null}},"61":{"start":{"line":345,"column":4},"end":{"line":352,"column":null}},"62":{"start":{"line":346,"column":8},"end":{"line":348,"column":null}},"63":{"start":{"line":347,"column":12},"end":{"line":347,"column":null}},"64":{"start":{"line":349,"column":8},"end":{"line":351,"column":null}},"65":{"start":{"line":350,"column":12},"end":{"line":350,"column":null}},"66":{"start":{"line":355,"column":10},"end":{"line":365,"column":36}},"67":{"start":{"line":356,"column":8},"end":{"line":358,"column":null}},"68":{"start":{"line":358,"column":12},"end":{"line":358,"column":null}},"69":{"start":{"line":358,"column":42},"end":{"line":358,"column":71}},"70":{"start":{"line":358,"column":89},"end":{"line":358,"column":180}},"71":{"start":{"line":361,"column":8},"end":{"line":361,"column":null}},"72":{"start":{"line":361,"column":35},"end":{"line":361,"column":null}},"73":{"start":{"line":361,"column":65},"end":{"line":361,"column":98}},"74":{"start":{"line":361,"column":116},"end":{"line":361,"column":207}},"75":{"start":{"line":364,"column":8},"end":{"line":364,"column":null}},"76":{"start":{"line":364,"column":38},"end":{"line":364,"column":66}},"77":{"start":{"line":364,"column":84},"end":{"line":364,"column":175}},"78":{"start":{"line":366,"column":4},"end":{"line":489,"column":null}},"79":{"start":{"line":381,"column":88},"end":{"line":381,"column":100}},"80":{"start":{"line":384,"column":89},"end":{"line":384,"column":102}},"81":{"start":{"line":403,"column":52},"end":{"line":404,"column":null}},"82":{"start":{"line":434,"column":60},"end":{"line":434,"column":91}},"83":{"start":{"line":435,"column":75},"end":{"line":435,"column":94}},"84":{"start":{"line":453,"column":40},"end":{"line":476,"column":null}}},"fnMap":{"0":{"name":"Home","decl":{"start":{"line":255,"column":24},"end":{"line":255,"column":31}},"loc":{"start":{"line":255,"column":31},"end":{"line":489,"column":null}},"line":255},"1":{"name":"(anonymous_1)","decl":{"start":{"line":269,"column":24},"end":{"line":269,"column":42}},"loc":{"start":{"line":269,"column":42},"end":{"line":278,"column":8}},"line":269},"2":{"name":"(anonymous_2)","decl":{"start":{"line":275,"column":11},"end":{"line":275,"column":17}},"loc":{"start":{"line":275,"column":26},"end":{"line":277,"column":null}},"line":275},"3":{"name":"(anonymous_3)","decl":{"start":{"line":280,"column":32},"end":{"line":280,"column":39}},"loc":{"start":{"line":280,"column":48},"end":{"line":299,"column":null}},"line":280},"4":{"name":"(anonymous_4)","decl":{"start":{"line":301,"column":10},"end":{"line":301,"column":20}},"loc":{"start":{"line":301,"column":30},"end":{"line":310,"column":null}},"line":301},"5":{"name":"(anonymous_5)","decl":{"start":{"line":301,"column":30},"end":{"line":301,"column":42}},"loc":{"start":{"line":301,"column":42},"end":{"line":310,"column":null}},"line":301},"6":{"name":"(anonymous_6)","decl":{"start":{"line":314,"column":10},"end":{"line":314,"column":20}},"loc":{"start":{"line":314,"column":30},"end":{"line":324,"column":null}},"line":314},"7":{"name":"(anonymous_7)","decl":{"start":{"line":314,"column":30},"end":{"line":314,"column":42}},"loc":{"start":{"line":314,"column":42},"end":{"line":324,"column":null}},"line":314},"8":{"name":"(anonymous_8)","decl":{"start":{"line":328,"column":10},"end":{"line":328,"column":24}},"loc":{"start":{"line":328,"column":36},"end":{"line":334,"column":null}},"line":328},"9":{"name":"(anonymous_9)","decl":{"start":{"line":328,"column":36},"end":{"line":328,"column":47}},"loc":{"start":{"line":328,"column":47},"end":{"line":334,"column":null}},"line":328},"10":{"name":"(anonymous_10)","decl":{"start":{"line":338,"column":4},"end":{"line":338,"column":20}},"loc":{"start":{"line":338,"column":20},"end":{"line":340,"column":8}},"line":338},"11":{"name":"(anonymous_11)","decl":{"start":{"line":342,"column":4},"end":{"line":342,"column":20}},"loc":{"start":{"line":342,"column":20},"end":{"line":344,"column":8}},"line":342},"12":{"name":"(anonymous_12)","decl":{"start":{"line":345,"column":4},"end":{"line":345,"column":20}},"loc":{"start":{"line":345,"column":20},"end":{"line":352,"column":9}},"line":345},"13":{"name":"(anonymous_13)","decl":{"start":{"line":346,"column":30},"end":{"line":346,"column":36}},"loc":{"start":{"line":346,"column":45},"end":{"line":348,"column":null}},"line":346},"14":{"name":"(anonymous_14)","decl":{"start":{"line":349,"column":29},"end":{"line":349,"column":35}},"loc":{"start":{"line":349,"column":44},"end":{"line":351,"column":null}},"line":349},"15":{"name":"(anonymous_15)","decl":{"start":{"line":355,"column":28},"end":{"line":355,"column":42}},"loc":{"start":{"line":355,"column":42},"end":{"line":365,"column":8}},"line":355},"16":{"name":"(anonymous_16)","decl":{"start":{"line":358,"column":27},"end":{"line":358,"column":34}},"loc":{"start":{"line":358,"column":42},"end":{"line":358,"column":71}},"line":358},"17":{"name":"(anonymous_17)","decl":{"start":{"line":358,"column":72},"end":{"line":358,"column":80}},"loc":{"start":{"line":358,"column":89},"end":{"line":358,"column":180}},"line":358},"18":{"name":"(anonymous_18)","decl":{"start":{"line":361,"column":50},"end":{"line":361,"column":57}},"loc":{"start":{"line":361,"column":65},"end":{"line":361,"column":98}},"line":361},"19":{"name":"(anonymous_19)","decl":{"start":{"line":361,"column":99},"end":{"line":361,"column":107}},"loc":{"start":{"line":361,"column":116},"end":{"line":361,"column":207}},"line":361},"20":{"name":"(anonymous_20)","decl":{"start":{"line":364,"column":23},"end":{"line":364,"column":30}},"loc":{"start":{"line":364,"column":38},"end":{"line":364,"column":66}},"line":364},"21":{"name":"(anonymous_21)","decl":{"start":{"line":364,"column":67},"end":{"line":364,"column":75}},"loc":{"start":{"line":364,"column":84},"end":{"line":364,"column":175}},"line":364},"22":{"name":"(anonymous_22)","decl":{"start":{"line":381,"column":73},"end":{"line":381,"column":88}},"loc":{"start":{"line":381,"column":88},"end":{"line":381,"column":100}},"line":381},"23":{"name":"(anonymous_23)","decl":{"start":{"line":384,"column":74},"end":{"line":384,"column":89}},"loc":{"start":{"line":384,"column":89},"end":{"line":384,"column":102}},"line":384},"24":{"name":"(anonymous_24)","decl":{"start":{"line":402,"column":59},"end":{"line":402,"column":64}},"loc":{"start":{"line":403,"column":52},"end":{"line":404,"column":null}},"line":403},"25":{"name":"(anonymous_25)","decl":{"start":{"line":434,"column":43},"end":{"line":434,"column":54}},"loc":{"start":{"line":434,"column":60},"end":{"line":434,"column":91}},"line":434},"26":{"name":"(anonymous_26)","decl":{"start":{"line":435,"column":60},"end":{"line":435,"column":75}},"loc":{"start":{"line":435,"column":75},"end":{"line":435,"column":94}},"line":435},"27":{"name":"(anonymous_27)","decl":{"start":{"line":452,"column":53},"end":{"line":452,"column":58}},"loc":{"start":{"line":453,"column":40},"end":{"line":476,"column":null}},"line":453}},"branchMap":{"0":{"loc":{"start":{"line":339,"column":8},"end":{"line":339,"column":null}},"type":"if","locations":[{"start":{"line":339,"column":8},"end":{"line":339,"column":null}},{"start":{},"end":{}}],"line":339},"1":{"loc":{"start":{"line":356,"column":8},"end":{"line":358,"column":null}},"type":"if","locations":[{"start":{"line":356,"column":8},"end":{"line":358,"column":null}},{"start":{},"end":{}}],"line":356},"2":{"loc":{"start":{"line":361,"column":8},"end":{"line":361,"column":null}},"type":"if","locations":[{"start":{"line":361,"column":8},"end":{"line":361,"column":null}},{"start":{},"end":{}}],"line":361},"3":{"loc":{"start":{"line":381,"column":47},"end":{"line":381,"column":73}},"type":"cond-expr","locations":[{"start":{"line":381,"column":53},"end":{"line":381,"column":64}},{"start":{"line":381,"column":64},"end":{"line":381,"column":73}}],"line":381},"4":{"loc":{"start":{"line":384,"column":47},"end":{"line":384,"column":74}},"type":"cond-expr","locations":[{"start":{"line":384,"column":54},"end":{"line":384,"column":65}},{"start":{"line":384,"column":65},"end":{"line":384,"column":74}}],"line":384},"5":{"loc":{"start":{"line":386,"column":36},"end":{"line":386,"column":null}},"type":"cond-expr","locations":[{"start":{"line":386,"column":59},"end":{"line":386,"column":77}},{"start":{"line":386,"column":77},"end":{"line":386,"column":null}}],"line":386},"6":{"loc":{"start":{"line":392,"column":32},"end":{"line":427,"column":null}},"type":"binary-expr","locations":[{"start":{"line":392,"column":32},"end":{"line":392,"column":39}},{"start":{"line":392,"column":39},"end":{"line":392,"column":null}},{"start":{"line":393,"column":32},"end":{"line":427,"column":null}}],"line":392},"7":{"loc":{"start":{"line":396,"column":51},"end":{"line":396,"column":85}},"type":"binary-expr","locations":[{"start":{"line":396,"column":51},"end":{"line":396,"column":67}},{"start":{"line":396,"column":67},"end":{"line":396,"column":85}}],"line":396},"8":{"loc":{"start":{"line":407,"column":45},"end":{"line":408,"column":null}},"type":"binary-expr","locations":[{"start":{"line":407,"column":45},"end":{"line":407,"column":75}},{"start":{"line":407,"column":75},"end":{"line":408,"column":null}}],"line":407},"9":{"loc":{"start":{"line":413,"column":45},"end":{"line":414,"column":null}},"type":"binary-expr","locations":[{"start":{"line":413,"column":45},"end":{"line":413,"column":75}},{"start":{"line":413,"column":75},"end":{"line":414,"column":null}}],"line":413},"10":{"loc":{"start":{"line":419,"column":45},"end":{"line":421,"column":null}},"type":"binary-expr","locations":[{"start":{"line":419,"column":45},"end":{"line":419,"column":null}},{"start":{"line":420,"column":48},"end":{"line":421,"column":null}}],"line":419},"11":{"loc":{"start":{"line":447,"column":41},"end":{"line":447,"column":null}},"type":"binary-expr","locations":[{"start":{"line":447,"column":41},"end":{"line":447,"column":66}},{"start":{"line":447,"column":66},"end":{"line":447,"column":null}}],"line":447},"12":{"loc":{"start":{"line":458,"column":45},"end":{"line":458,"column":null}},"type":"binary-expr","locations":[{"start":{"line":458,"column":45},"end":{"line":458,"column":70}},{"start":{"line":458,"column":70},"end":{"line":458,"column":null}}],"line":458},"13":{"loc":{"start":{"line":460,"column":49},"end":{"line":473,"column":null}},"type":"cond-expr","locations":[{"start":{"line":461,"column":53},"end":{"line":463,"column":null}},{"start":{"line":463,"column":56},"end":{"line":473,"column":null}}],"line":460},"14":{"loc":{"start":{"line":461,"column":53},"end":{"line":463,"column":null}},"type":"binary-expr","locations":[{"start":{"line":461,"column":53},"end":{"line":461,"column":76}},{"start":{"line":461,"column":76},"end":{"line":463,"column":null}}],"line":461},"15":{"loc":{"start":{"line":465,"column":64},"end":{"line":473,"column":null}},"type":"cond-expr","locations":[{"start":{"line":466,"column":68},"end":{"line":468,"column":69}},{"start":{"line":468,"column":68},"end":{"line":473,"column":null}}],"line":465},"16":{"loc":{"start":{"line":468,"column":68},"end":{"line":473,"column":null}},"type":"binary-expr","locations":[{"start":{"line":468,"column":68},"end":{"line":468,"column":92}},{"start":{"line":468,"column":92},"end":{"line":473,"column":null}}],"line":468}},"s":{"0":1,"1":1,"2":1,"3":1,"4":1,"5":1,"6":1,"7":1,"8":1,"9":1,"10":1,"11":1,"12":47,"13":47,"14":47,"15":47,"16":47,"17":47,"18":47,"19":47,"20":47,"21":17,"22":17,"23":47,"24":2,"25":2,"26":2,"27":2,"28":2,"29":1,"30":1,"31":1,"32":47,"33":3,"34":2,"35":2,"36":2,"37":1,"38":1,"39":1,"40":47,"41":4,"42":2,"43":2,"44":2,"45":1,"46":1,"47":1,"48":1,"49":47,"50":10,"51":2,"52":2,"53":1,"54":1,"55":1,"56":47,"57":13,"58":1,"59":47,"60":13,"61":47,"62":13,"63":13,"64":13,"65":13,"66":47,"67":28,"68":23,"69":18,"70":9,"71":5,"72":0,"73":0,"74":0,"75":5,"76":6,"77":3,"78":47,"79":0,"80":3,"81":10,"82":1,"83":1,"84":17},"f":{"0":47,"1":17,"2":17,"3":2,"4":3,"5":2,"6":4,"7":2,"8":10,"9":2,"10":13,"11":13,"12":13,"13":13,"14":13,"15":28,"16":18,"17":9,"18":0,"19":0,"20":6,"21":3,"22":0,"23":3,"24":10,"25":1,"26":1,"27":17},"b":{"0":[1,12],"1":[23,5],"2":[0,5],"3":[41,6],"4":[6,41],"5":[40,7],"6":[47,41,34],"7":[34,24],"8":[34,0],"9":[34,0],"10":[34,0],"11":[47,40],"12":[17,14],"13":[3,14],"14":[3,3],"15":[10,4],"16":[4,4]},"meta":{"lastBranch":17,"lastFunction":28,"lastStatement":85,"seen":{"s:1:0:1:Infinity":0,"s:14:16:14:Infinity":1,"s:22:18:22:Infinity":2,"s:29:16:29:Infinity":3,"s:91:13:91:Infinity":4,"s:102:20:102:Infinity":5,"s:123:15:123:Infinity":6,"s:148:15:148:Infinity":7,"s:176:13:176:Infinity":8,"s:214:18:214:Infinity":9,"s:242:16:242:Infinity":10,"s:249:25:253:2":11,"f:255:24:255:31":0,"s:256:20:256:46":12,"s:257:19:257:47":13,"s:258:21:258:55":14,"s:259:22:259:50":15,"s:260:19:260:43":16,"s:261:16:261:49":17,"s:263:35:265:6":18,"s:267:25:267:57":19,"s:269:10:278:14":20,"f:269:24:269:42":1,"s:270:8:277:Infinity":21,"f:275:11:275:17":2,"s:276:12:276:Infinity":22,"s:280:19:299:Infinity":23,"f:280:32:280:39":3,"s:281:12:281:Infinity":24,"s:282:51:282:Infinity":25,"s:283:28:290:Infinity":26,"s:291:12:296:Infinity":27,"s:292:16:292:Infinity":28,"s:293:16:293:Infinity":29,"s:294:16:294:Infinity":30,"s:296:16:296:Infinity":31,"s:301:10:310:Infinity":32,"f:301:10:301:20":4,"s:301:30:310:Infinity":33,"f:301:30:301:42":5,"s:302:24:303:Infinity":34,"s:305:8:310:Infinity":35,"s:306:12:306:Infinity":36,"s:307:12:307:Infinity":37,"s:308:12:308:Infinity":38,"s:310:12:310:Infinity":39,"s:314:10:324:Infinity":40,"f:314:10:314:20":6,"s:314:30:324:Infinity":41,"f:314:30:314:42":7,"s:315:24:316:Infinity":42,"s:318:8:324:Infinity":43,"s:319:12:319:Infinity":44,"s:320:12:320:Infinity":45,"s:321:12:321:Infinity":46,"s:323:12:323:Infinity":47,"s:324:12:324:Infinity":48,"s:328:10:334:Infinity":49,"f:328:10:328:24":8,"s:328:36:334:Infinity":50,"f:328:36:328:47":9,"s:329:8:334:Infinity":51,"s:330:12:330:Infinity":52,"s:331:12:331:Infinity":53,"s:332:12:332:Infinity":54,"s:334:12:334:Infinity":55,"s:338:4:340:Infinity":56,"f:338:4:338:20":10,"b:339:8:339:Infinity:undefined:undefined:undefined:undefined":0,"s:339:8:339:Infinity":57,"s:339:19:339:Infinity":58,"s:342:4:344:Infinity":59,"f:342:4:342:20":11,"s:343:8:343:Infinity":60,"s:345:4:352:Infinity":61,"f:345:4:345:20":12,"s:346:8:348:Infinity":62,"f:346:30:346:36":13,"s:347:12:347:Infinity":63,"s:349:8:351:Infinity":64,"f:349:29:349:35":14,"s:350:12:350:Infinity":65,"s:355:10:365:36":66,"f:355:28:355:42":15,"b:356:8:358:Infinity:undefined:undefined:undefined:undefined":1,"s:356:8:358:Infinity":67,"s:358:12:358:Infinity":68,"f:358:27:358:34":16,"s:358:42:358:71":69,"f:358:72:358:80":17,"s:358:89:358:180":70,"b:361:8:361:Infinity:undefined:undefined:undefined:undefined":2,"s:361:8:361:Infinity":71,"s:361:35:361:Infinity":72,"f:361:50:361:57":18,"s:361:65:361:98":73,"f:361:99:361:107":19,"s:361:116:361:207":74,"s:364:8:364:Infinity":75,"f:364:23:364:30":20,"s:364:38:364:66":76,"f:364:67:364:75":21,"s:364:84:364:175":77,"s:366:4:489:Infinity":78,"b:381:53:381:64:381:64:381:73":3,"f:381:73:381:88":22,"s:381:88:381:100":79,"b:384:54:384:65:384:65:384:74":4,"f:384:74:384:89":23,"s:384:89:384:102":80,"b:386:59:386:77:386:77:386:Infinity":5,"b:392:32:392:39:392:39:392:Infinity:393:32:427:Infinity":6,"b:396:51:396:67:396:67:396:85":7,"f:402:59:402:64":24,"s:403:52:404:Infinity":81,"b:407:45:407:75:407:75:408:Infinity":8,"b:413:45:413:75:413:75:414:Infinity":9,"b:419:45:419:Infinity:420:48:421:Infinity":10,"f:434:43:434:54":25,"s:434:60:434:91":82,"f:435:60:435:75":26,"s:435:75:435:94":83,"b:447:41:447:66:447:66:447:Infinity":11,"f:452:53:452:58":27,"s:453:40:476:Infinity":84,"b:458:45:458:70:458:70:458:Infinity":12,"b:461:53:463:Infinity:463:56:473:Infinity":13,"b:461:53:461:76:461:76:463:Infinity":14,"b:466:68:468:69:468:68:473:Infinity":15,"b:468:68:468:92:468:92:473:Infinity":16}}},"/home/michelkuguio/Documentos/troca-aula-front/src/api.service.tsx":{"path":"/home/michelkuguio/Documentos/troca-aula-front/src/api.service.tsx","statementMap":{"0":{"start":{"line":4,"column":12},"end":{"line":4,"column":95}},"1":{"start":{"line":7,"column":0},"end":{"line":13,"column":null}},"2":{"start":{"line":8,"column":4},"end":{"line":8,"column":null}},"3":{"start":{"line":10,"column":4},"end":{"line":10,"column":null}},"4":{"start":{"line":11,"column":4},"end":{"line":11,"column":null}},"5":{"start":{"line":12,"column":4},"end":{"line":12,"column":null}}},"fnMap":{"0":{"name":"(anonymous_0)","decl":{"start":{"line":7,"column":26},"end":{"line":7,"column":31}},"loc":{"start":{"line":7,"column":43},"end":{"line":9,"column":14}},"line":7},"1":{"name":"(anonymous_1)","decl":{"start":{"line":9,"column":4},"end":{"line":9,"column":14}},"loc":{"start":{"line":9,"column":14},"end":{"line":13,"column":null}},"line":9}},"branchMap":{"0":{"loc":{"start":{"line":4,"column":35},"end":{"line":4,"column":94}},"type":"binary-expr","locations":[{"start":{"line":4,"column":35},"end":{"line":4,"column":70}},{"start":{"line":4,"column":70},"end":{"line":4,"column":94}}],"line":4}},"s":{"0":1,"1":1,"2":1,"3":1,"4":1,"5":1},"f":{"0":1,"1":1},"b":{"0":[1,1]},"meta":{"lastBranch":1,"lastFunction":2,"lastStatement":6,"seen":{"s:4:12:4:95":0,"b:4:35:4:70:4:70:4:94":0,"s:7:0:13:Infinity":1,"f:7:26:7:31":0,"s:8:4:8:Infinity":2,"f:9:4:9:14":1,"s:10:4:10:Infinity":3,"s:11:4:11:Infinity":4,"s:12:4:12:Infinity":5}}},"/home/michelkuguio/Documentos/troca-aula-front/src/app/favicon.ico":{"path":"/home/michelkuguio/Documentos/troca-aula-front/src/app/favicon.ico","statementMap":{},"fnMap":{},"branchMap":{},"s":{},"f":{},"b":{},"meta":{"lastBranch":0,"lastFunction":0,"lastStatement":0,"seen":{}}},"/home/michelkuguio/Documentos/troca-aula-front/src/user/user.types.tsx":{"path":"/home/michelkuguio/Documentos/troca-aula-front/src/user/user.types.tsx","statementMap":{},"fnMap":{},"branchMap":{},"s":{},"f":{},"b":{},"meta":{"lastBranch":0,"lastFunction":0,"lastStatement":0,"seen":{}}},"/home/michelkuguio/Documentos/troca-aula-front/src/app/globals.css":{"path":"/home/michelkuguio/Documentos/troca-aula-front/src/app/globals.css","statementMap":{},"fnMap":{},"branchMap":{},"s":{},"f":{},"b":{},"meta":{"lastBranch":0,"lastFunction":0,"lastStatement":0,"seen":{}}}}}
[34m % [39m[2mCoverage report from [22m[33mv8[39m
-------------------|---------|----------|---------|---------|-------------------
File               | % Stmts | % Branch | % Funcs | % Lines | Uncovered Line #s 
-------------------|---------|----------|---------|---------|-------------------
All files          |   97.54 |    94.02 |   92.85 |   99.34 |                   
 src               |     100 |      100 |     100 |     100 |                   
  api.service.tsx  |     100 |      100 |     100 |     100 |                   
  middleware.ts    |     100 |      100 |     100 |     100 |                   
 src/app           |     100 |      100 |     100 |     100 |                   
  favicon.ico      |       0 |        0 |       0 |       0 |                   
  globals.css      |       0 |        0 |       0 |       0 |                   
  page.tsx         |     100 |      100 |     100 |     100 |                   
 src/app/cadastro  |     100 |      100 |     100 |     100 |                   
  page.tsx         |     100 |      100 |     100 |     100 |                   
 ...app/components |     100 |      100 |     100 |     100 |                   
  Logo.tsx         |     100 |      100 |     100 |     100 |                   
 src/app/dashboard |   95.29 |    88.57 |   89.28 |   98.64 |                   
  page.tsx         |   95.29 |    88.57 |   89.28 |   98.64 | 381               
 src/user          |     100 |      100 |     100 |     100 |                   
  useUserHook.tsx  |     100 |      100 |     100 |     100 |                   
  user.types.tsx   |       0 |        0 |       0 |       0 |                   
-------------------|---------|----------|---------|---------|-------------------
ERROR: Coverage for lines (99.34%) does not meet global threshold (100%)
ERROR: Coverage for functions (92.85%) does not meet global threshold (100%)
ERROR: Coverage for statements (97.54%) does not meet global threshold (100%)
ERROR: Coverage for branches (94.02%) does not meet global threshold (100%)
